\BOOKMARK [0][-]{chapter.1}{\376\377\000I\000n\000t\000r\000o\000d\000u\000c\000t\000i\000o\000n}{}% 1
\BOOKMARK [1][-]{section.1.1}{\376\377\000I\000n\000s\000t\000a\000l\000l\000i\000n\000g\000\040\000t\000h\000e\000\040\000H\000Y\000V\000R\000\040\000p\000a\000c\000k\000a\000g\000e\000\040\000\050\000W\000i\000n\000d\000o\000w\000s\000\051}{chapter.1}% 2
\BOOKMARK [1][-]{section.1.2}{\376\377\000S\000o\000u\000r\000c\000e}{chapter.1}% 3
\BOOKMARK [1][-]{section.1.3}{\376\377\000R\000e\000q\000u\000i\000r\000e\000m\000e\000n\000t\000s}{chapter.1}% 4
\BOOKMARK [1][-]{section.1.4}{\376\377\000D\000e\000v\000e\000l\000o\000p\000m\000e\000n\000t}{chapter.1}% 5
\BOOKMARK [0][-]{chapter.2}{\376\377\000H\000Y\000V\000R\000\040\000C\000o\000m\000p\000u\000t\000a\000t\000i\000o\000n\000a\000l\000\040\000m\000e\000t\000h\000o\000d\000s}{}% 6
\BOOKMARK [1][-]{section.2.1}{\376\377\000S\000i\000m\000u\000l\000a\000t\000i\000o\000n\000\040\000o\000f\000\040\000s\000e\000q\000u\000e\000n\000c\000e\000\040\000a\000n\000d\000\040\000a\000r\000c\000h\000i\000t\000e\000c\000t\000u\000r\000a\000l\000\040\000e\000l\000e\000m\000e\000n\000t\000\040\000u\000n\000i\000t\000\040\000c\000o\000n\000t\000a\000c\000t\000\040\000s\000u\000r\000f\000a\000c\000e\000s}{chapter.2}% 7
\BOOKMARK [1][-]{section.2.2}{\376\377\000S\000i\000m\000u\000l\000a\000t\000i\000o\000n\000\040\000o\000f\000\040\000a\000r\000c\000h\000i\000t\000e\000c\000t\000u\000r\000a\000l\000\040\000e\000l\000e\000m\000e\000n\000t\000s\000\040\000a\000n\000d\000\040\000h\000y\000d\000r\000o\000f\000a\000c\000i\000e\000s\000\040\000g\000e\000o\000m\000e\000t\000r\000i\000e\000s}{chapter.2}% 8
\BOOKMARK [1][-]{section.2.3}{\376\377\000S\000i\000m\000u\000l\000a\000t\000i\000o\000n\000\040\000o\000f\000\040\000h\000y\000d\000r\000a\000u\000l\000i\000c\000\040\000p\000a\000r\000a\000m\000e\000t\000e\000r\000s}{chapter.2}% 9
\BOOKMARK [0][-]{chapter.3}{\376\377\000H\000Y\000V\000R\000\040\000i\000n\000p\000u\000t\000s\000\040\000a\000n\000d\000\040\000o\000u\000t\000p\000u\000t\000s}{}% 10
\BOOKMARK [1][-]{section.3.1}{\376\377\000P\000a\000r\000a\000m\000e\000t\000e\000r\000\040\000i\000n\000p\000u\000t\000s\000\040\000a\000n\000d\000\040\000m\000o\000d\000e\000l\000\040\000o\000u\000t\000p\000u\000t\000s}{chapter.3}% 11
\BOOKMARK [1][-]{section.3.2}{\376\377\000M\000o\000d\000e\000l\000\040\000o\000u\000t\000p\000u\000t\000s}{chapter.3}% 12
\BOOKMARK [0][-]{chapter.4}{\376\377\000H\000Y\000V\000R\000\040\000E\000x\000a\000m\000p\000l\000e}{}% 13
\BOOKMARK [1][-]{section.4.1}{\376\377\000T\000h\000e\000\040\000.\000i\000n\000i\000\040\000c\000o\000n\000f\000i\000g\000u\000r\000a\000t\000i\000o\000n\000\040\000f\000i\000l\000e}{chapter.4}% 14
\BOOKMARK [1][-]{section.4.2}{\376\377\000M\000o\000d\000e\000l\000\040\000s\000e\000t\000u\000p\000\040\000s\000e\000c\000t\000i\000o\000n\000s}{chapter.4}% 15
\BOOKMARK [1][-]{section.4.3}{\376\377\000[\000s\000e\000q\000u\000e\000n\000c\000e\000s\000]\000\040\000s\000e\000c\000t\000i\000o\000n}{chapter.4}% 16
\BOOKMARK [1][-]{section.4.4}{\376\377\000[\000e\000l\000e\000m\000e\000n\000t\000]\000\040\000s\000e\000c\000t\000i\000o\000n\000s\000\040\000f\000o\000r\000\040\000a\000r\000c\000h\000i\000t\000e\000c\000t\000u\000r\000a\000l\000\040\000e\000l\000e\000m\000e\000n\000t\000s}{chapter.4}% 17
\BOOKMARK [1][-]{section.4.5}{\376\377\000[\000h\000y\000d\000r\000a\000u\000l\000i\000c\000s\000]\000\040\000s\000e\000c\000t\000i\000o\000n}{chapter.4}% 18
\BOOKMARK [1][-]{section.4.6}{\376\377\000[\000f\000l\000o\000w\000t\000r\000a\000n\000s\000]\000\040\000s\000e\000c\000t\000i\000o\000n}{chapter.4}% 19
\BOOKMARK [1][-]{section.4.7}{\376\377\000E\000x\000a\000m\000p\000l\000e\000\040\000p\000a\000r\000a\000m\000e\000t\000e\000r\000\040\000f\000i\000l\000e}{chapter.4}% 20
\BOOKMARK [0][-]{chapter.5}{\376\377\000E\000x\000t\000e\000n\000d\000i\000n\000g\000\040\000H\000Y\000V\000R}{}% 21
\BOOKMARK [1][-]{section.5.1}{\376\377\000A\000d\000d\000i\000n\000g\000\040\000m\000o\000r\000e\000\040\000g\000e\000o\000m\000e\000t\000r\000i\000e\000s}{chapter.5}% 22
\BOOKMARK [1][-]{section.5.2}{\376\377\000T\000h\000e\000\040\000H\000Y\000V\000R\000\040\000w\000i\000s\000h\000\040\000l\000i\000s\000t}{chapter.5}% 23
\BOOKMARK [0][-]{chapter.6}{\376\377\000R\000e\000f\000e\000r\000e\000n\000c\000e\000s}{}% 24
\BOOKMARK [0][-]{chapter.7}{\376\377\000h\000y\000v\000r}{}% 25
\BOOKMARK [1][-]{section.7.1}{\376\377\000h\000y\000v\000r\000\040\000p\000a\000c\000k\000a\000g\000e}{chapter.7}% 26
\BOOKMARK [0][-]{chapter.8}{\376\377\000I\000n\000d\000i\000c\000e\000s\000\040\000a\000n\000d\000\040\000t\000a\000b\000l\000e\000s}{}% 27
\BOOKMARK [0][-]{chapter*.102}{\376\377\000B\000i\000b\000l\000i\000o\000g\000r\000a\000p\000h\000y}{}% 28
\BOOKMARK [0][-]{section*.107}{\376\377\000P\000y\000t\000h\000o\000n\000\040\000M\000o\000d\000u\000l\000e\000\040\000I\000n\000d\000e\000x}{}% 29
